1	12/07/2020@14:25:09
2	12/07/2020@14:25:09
3	12/07/2020@19:24:58
4	12/07/2020@19:24:59
5	12/07/2020@19:30:11
6	12/07/2020@19:33:34
7	12/11/2020@10:10:31
8	12/11/2020@10:10:32
9	12/11/2020@10:13:58
10	12/11/2020@10:14:11
11	12/11/2020@10:15:23
12	12/11/2020@10:15:24
13	12/11/2020@10:16:09
14	12/11/2020@10:20:02
15	12/11/2020@10:22:20
16	12/11/2020@10:22:28
17	12/11/2020@10:23:18
18	12/11/2020@10:26:34
19	12/11/2020@10:26:46
20	12/11/2020@10:26:56
21	12/11/2020@10:27:18
22	12/11/2020@10:27:25
23	12/11/2020@10:29:12
24	12/11/2020@10:29:22
25	12/11/2020@10:29:34
26	12/11/2020@10:29:38
27	12/11/2020@10:30:04
28	12/11/2020@10:30:24
29	12/11/2020@10:30:49
30	12/11/2020@10:31:08
31	12/11/2020@10:32:33
32	12/11/2020@10:33:02
33	12/11/2020@10:33:33
34	12/11/2020@10:34:12
35	12/11/2020@10:36:09
36	12/11/2020@10:36:23
37	12/11/2020@10:36:42
38	12/11/2020@10:38:21
39	12/11/2020@10:38:42
40	12/11/2020@10:39:12
41	12/11/2020@10:40:07
42	12/11/2020@10:40:21
43	12/11/2020@10:40:25
44	12/11/2020@10:40:48
45	12/11/2020@10:40:59
46	12/11/2020@10:43:22
47	12/11/2020@10:43:30
48	12/11/2020@10:43:34
49	12/11/2020@10:43:37
50	12/11/2020@10:43:42
51	12/11/2020@10:44:16
52	12/11/2020@10:49:20
53	12/11/2020@10:49:29
54	12/11/2020@10:49:32
55	12/11/2020@10:49:35
56	12/11/2020@10:49:40
57	12/11/2020@10:49:48
58	12/11/2020@10:49:53
59	12/11/2020@10:50:24
60	12/11/2020@10:50:39
61	12/11/2020@10:50:49
62	12/11/2020@10:50:59
63	12/11/2020@10:51:09
64	12/11/2020@10:51:19
65	12/11/2020@10:51:29
66	12/11/2020@10:51:39
67	12/11/2020@10:51:49
68	12/11/2020@10:51:56
69	12/11/2020@10:52:00
70	12/11/2020@10:52:08
71	12/11/2020@10:52:10
72	12/11/2020@10:52:20
73	12/11/2020@10:52:44
74	12/11/2020@10:52:56
75	12/11/2020@10:53:11
76	12/11/2020@10:53:41
77	12/11/2020@10:54:03
78	12/11/2020@10:54:21
79	12/11/2020@10:54:47
80	12/11/2020@10:55:18
81	12/11/2020@10:57:27
82	12/11/2020@10:57:59
83	12/11/2020@10:58:22
84	12/11/2020@10:58:29
85	12/11/2020@10:58:36
86	12/11/2020@10:58:40
87	12/11/2020@10:58:52
88	12/11/2020@10:59:09
89	12/11/2020@10:59:09
90	12/11/2020@10:59:12
91	12/11/2020@10:59:13
92	12/11/2020@10:59:24
93	12/11/2020@10:59:28
94	12/11/2020@11:00:39
95	12/11/2020@11:01:43
96	12/11/2020@11:01:47
97	12/11/2020@11:01:58
98	12/11/2020@11:02:06
99	12/11/2020@11:02:14
100	12/11/2020@11:02:21
101	12/11/2020@11:02:31
102	12/11/2020@11:02:41
103	12/11/2020@11:02:51
104	12/11/2020@11:03:01
105	12/11/2020@11:03:11
106	12/11/2020@11:03:15
107	12/11/2020@11:03:38
108	12/11/2020@11:03:43
109	12/11/2020@11:03:50
110	12/11/2020@11:04:30
111	12/11/2020@11:04:39
112	12/11/2020@11:04:49
113	12/11/2020@11:04:58
114	12/11/2020@11:05:51
115	12/11/2020@11:06:51
116	12/11/2020@11:07:28
117	12/11/2020@11:09:30
118	12/11/2020@11:09:43
119	12/11/2020@11:09:53
120	12/11/2020@11:10:03
121	12/11/2020@11:10:13
122	12/11/2020@11:10:23
123	12/11/2020@11:10:33
124	12/11/2020@11:10:43
125	12/11/2020@11:10:53
126	12/11/2020@11:11:03
127	12/11/2020@11:11:13
128	12/11/2020@11:11:19
129	12/11/2020@11:11:20
130	12/11/2020@11:11:25
131	12/11/2020@11:11:33
132	12/11/2020@11:13:45
133	12/11/2020@11:13:49
134	12/11/2020@11:13:52
135	12/11/2020@11:14:00
136	12/11/2020@11:15:47
137	12/11/2020@11:16:08
138	12/11/2020@11:17:56
139	12/11/2020@11:18:08
140	12/11/2020@11:18:28
141	12/11/2020@11:18:55
142	12/11/2020@11:19:35
143	12/11/2020@11:20:51
144	12/11/2020@11:22:08
145	12/11/2020@11:22:25
146	12/11/2020@11:22:57
147	12/11/2020@11:23:10
148	12/11/2020@11:24:41
149	12/11/2020@11:25:28
150	12/11/2020@11:25:45
151	12/11/2020@11:25:55
152	12/11/2020@11:26:05
153	12/11/2020@11:26:15
154	12/11/2020@11:26:25
155	12/11/2020@11:26:35
156	12/11/2020@11:26:45
157	12/11/2020@11:26:55
158	12/11/2020@11:27:05
159	12/11/2020@11:27:15
160	12/11/2020@11:27:25
161	12/11/2020@11:27:35
162	12/11/2020@11:27:45
163	12/11/2020@11:27:55
164	12/11/2020@11:28:05
165	12/11/2020@11:28:09
166	12/11/2020@11:29:04
167	12/11/2020@11:29:09
168	12/11/2020@11:29:23
169	12/11/2020@11:29:31
170	12/11/2020@11:29:50
171	12/11/2020@11:30:03
172	12/11/2020@11:30:15
173	12/11/2020@11:30:25
174	12/11/2020@11:30:33
175	12/11/2020@11:30:40
176	12/11/2020@11:31:14
177	12/11/2020@11:31:31
178	12/11/2020@11:32:12
179	12/11/2020@11:32:43
180	12/11/2020@11:33:47
181	12/11/2020@11:35:37
182	12/11/2020@11:36:02
183	12/11/2020@11:36:16
184	12/11/2020@11:36:21
185	12/11/2020@11:37:37
186	12/11/2020@11:38:26
187	12/11/2020@11:40:00
188	12/11/2020@11:40:28
189	12/11/2020@11:40:44
190	12/11/2020@11:40:50
191	12/11/2020@11:42:09
192	12/11/2020@11:42:17
193	12/11/2020@11:42:32
194	12/11/2020@11:42:59
195	12/11/2020@11:44:10
196	12/11/2020@11:44:32
197	12/11/2020@11:45:01
198	12/11/2020@11:45:22
199	12/11/2020@11:45:26
200	12/11/2020@11:45:52
201	12/11/2020@11:45:57
202	12/11/2020@11:45:59
203	12/11/2020@11:49:48
204	12/11/2020@11:49:55
205	12/11/2020@11:50:05
206	12/11/2020@11:50:15
207	12/11/2020@11:50:25
208	12/11/2020@11:50:35
209	12/11/2020@11:50:45
210	12/11/2020@11:50:55
211	12/11/2020@11:51:05
212	12/11/2020@11:51:15
213	12/11/2020@11:51:24
214	12/11/2020@11:51:49
215	12/11/2020@11:52:23
216	12/11/2020@11:52:47
217	12/11/2020@11:53:01
218	12/11/2020@11:53:06
219	12/11/2020@11:53:36
220	12/11/2020@11:54:15
221	12/11/2020@11:54:22
222	12/11/2020@11:54:37
223	12/11/2020@11:54:44
224	12/11/2020@11:56:02
225	12/11/2020@11:56:49
226	12/11/2020@11:56:52
227	12/11/2020@11:57:05
228	12/11/2020@11:57:31
229	12/11/2020@11:57:46
230	12/11/2020@11:57:59
231	12/11/2020@11:58:07
232	12/11/2020@11:58:19
233	12/11/2020@11:58:58
234	12/11/2020@11:59:34
235	12/11/2020@12:03:15
236	12/11/2020@12:04:23
237	12/11/2020@12:04:29
238	12/11/2020@12:04:55
239	12/11/2020@12:05:08
240	12/11/2020@12:05:18
241	12/11/2020@12:05:27
242	12/11/2020@12:05:49
243	12/11/2020@12:05:57
244	12/11/2020@12:06:14
245	12/11/2020@12:06:16
246	12/11/2020@12:06:45
247	12/11/2020@12:07:02
248	12/11/2020@12:07:58
249	12/11/2020@12:08:04
250	12/11/2020@12:08:10
251	12/11/2020@12:08:25
252	12/11/2020@12:08:35
253	12/11/2020@12:08:40
254	12/11/2020@12:10:28
255	12/11/2020@12:10:42
256	12/11/2020@12:10:52
257	12/11/2020@12:11:02
258	12/11/2020@12:11:12
259	12/11/2020@12:11:22
260	12/11/2020@12:11:32
261	12/11/2020@12:11:42
262	12/11/2020@12:11:53
263	12/11/2020@12:12:03
264	12/11/2020@12:12:13
265	12/11/2020@12:12:23
266	12/11/2020@12:12:33
267	12/11/2020@12:12:36
268	12/11/2020@12:12:44
269	12/11/2020@12:12:58
270	12/11/2020@12:13:07
271	12/11/2020@12:14:29
272	12/11/2020@12:14:32
273	12/11/2020@12:14:41
274	12/11/2020@12:14:52
275	12/11/2020@12:15:37
276	12/11/2020@12:16:19
277	12/11/2020@12:17:12
278	12/11/2020@12:17:52
279	12/11/2020@12:18:41
280	12/11/2020@12:19:03
281	12/11/2020@12:19:57
282	12/11/2020@12:20:02
283	12/11/2020@12:20:09
284	12/11/2020@12:20:29
285	12/11/2020@12:20:42
286	12/11/2020@12:21:19
287	12/11/2020@12:21:39
288	12/11/2020@12:26:36
289	12/11/2020@12:27:01
290	12/11/2020@12:27:04
291	12/11/2020@12:27:11
292	12/11/2020@12:27:13
293	12/11/2020@12:27:17
294	12/11/2020@12:28:08
295	12/11/2020@12:28:26
296	12/11/2020@12:30:44
297	12/11/2020@12:33:28
298	12/11/2020@12:33:45
299	12/11/2020@12:35:32
300	12/11/2020@12:37:54
301	12/11/2020@12:40:23
302	12/11/2020@12:40:29
303	12/11/2020@12:41:00
304	12/11/2020@12:41:25
305	12/11/2020@12:43:41
306	12/11/2020@12:43:54
307	12/11/2020@12:44:03
308	12/11/2020@12:44:09
309	12/11/2020@12:44:15
310	12/11/2020@12:45:10
311	12/11/2020@12:46:39
312	12/11/2020@12:47:01
313	12/11/2020@12:48:59
314	12/11/2020@12:49:15
315	12/11/2020@12:49:59
316	12/11/2020@12:50:02
317	12/11/2020@12:50:37
318	12/11/2020@12:50:55
319	12/11/2020@12:51:01
320	12/11/2020@12:51:05
321	12/11/2020@12:51:33
322	12/11/2020@12:51:38
323	12/11/2020@12:51:41
324	12/11/2020@12:51:54
325	12/11/2020@12:52:13
326	12/11/2020@12:52:17
327	12/11/2020@12:52:26
328	12/11/2020@12:54:27
329	12/11/2020@12:54:54
330	12/11/2020@12:54:58
331	12/11/2020@12:56:32
332	12/11/2020@12:56:44
333	12/11/2020@12:56:51
334	12/11/2020@12:56:53
335	12/11/2020@12:57:11
336	12/11/2020@12:59:48
337	12/11/2020@13:00:01
338	12/11/2020@13:00:50
339	12/11/2020@13:00:56
340	12/11/2020@13:01:01
341	12/11/2020@13:01:06
342	12/11/2020@13:01:14
343	12/11/2020@13:01:23
344	12/11/2020@13:02:34
345	12/11/2020@13:02:59
346	12/11/2020@13:03:19
347	12/11/2020@13:03:35
348	12/11/2020@13:03:49
349	12/11/2020@13:04:10
350	12/11/2020@13:04:38
351	12/11/2020@13:04:55
352	12/11/2020@13:05:05
353	12/11/2020@13:05:08
354	12/11/2020@13:05:56
355	12/11/2020@13:06:22
356	12/11/2020@13:06:31
357	12/11/2020@13:06:52
358	12/11/2020@13:07:00
359	12/11/2020@13:07:24
360	12/11/2020@13:07:45
361	12/11/2020@13:11:30
362	12/11/2020@13:11:36
363	12/11/2020@13:11:45
364	12/11/2020@13:12:31
365	12/11/2020@13:12:50
366	12/11/2020@13:13:00
367	12/11/2020@13:14:11
368	12/11/2020@13:14:19
369	12/11/2020@13:14:22
370	12/11/2020@13:14:34
371	12/11/2020@13:14:46
372	12/11/2020@13:14:52
373	12/11/2020@13:15:02
374	12/11/2020@13:15:14
375	12/11/2020@13:15:17
376	12/11/2020@13:16:09
377	12/11/2020@13:17:10
378	12/11/2020@13:17:14
379	12/11/2020@13:17:45
380	12/11/2020@13:18:13
381	12/11/2020@13:18:38
382	12/11/2020@13:20:18
383	12/11/2020@13:20:25
384	12/11/2020@13:20:27
385	12/11/2020@13:22:25
386	12/11/2020@13:22:28
387	12/11/2020@13:23:02
388	12/11/2020@13:23:59
389	12/11/2020@13:24:23
390	12/11/2020@13:25:36
391	12/11/2020@13:25:54
392	12/11/2020@13:26:43
393	12/11/2020@13:32:02
394	12/11/2020@13:32:53
395	12/11/2020@13:33:17
396	12/11/2020@13:33:48
397	12/11/2020@14:41:16
398	12/11/2020@14:42:27
399	12/11/2020@14:42:44
400	12/11/2020@14:47:15
401	12/11/2020@14:47:20
402	12/11/2020@14:50:43
403	12/11/2020@14:51:07
404	12/11/2020@14:51:18
405	12/11/2020@14:53:36
406	12/11/2020@14:53:42
407	12/11/2020@14:53:59
408	12/11/2020@14:54:52
409	12/11/2020@14:55:05
410	12/11/2020@14:55:58
411	12/11/2020@14:56:34
412	12/11/2020@14:56:34
413	12/11/2020@14:57:22
414	12/11/2020@14:58:07
415	12/11/2020@14:58:21
416	12/11/2020@14:59:39
417	12/11/2020@15:00:54
418	12/11/2020@15:01:31
419	12/11/2020@15:03:08
420	12/11/2020@15:05:02
421	12/11/2020@15:05:20
422	12/11/2020@15:05:30
423	12/11/2020@15:05:40
424	12/11/2020@15:05:50
425	12/11/2020@15:06:00
426	12/11/2020@15:06:10
427	12/11/2020@15:06:20
428	12/11/2020@15:06:30
429	12/11/2020@15:06:40
430	12/11/2020@15:06:50
431	12/11/2020@15:07:00
432	12/11/2020@15:07:10
433	12/11/2020@15:07:20
434	12/11/2020@15:07:30
435	12/11/2020@15:07:40
436	12/11/2020@15:07:56
437	12/11/2020@15:10:40
438	12/11/2020@15:11:01
439	12/11/2020@15:14:41
440	12/11/2020@15:14:46
441	12/11/2020@15:17:25
442	12/11/2020@15:22:07
443	12/11/2020@15:24:00
444	12/11/2020@15:24:32
445	12/11/2020@15:24:45
446	12/11/2020@15:24:55
447	12/11/2020@15:25:05
448	12/11/2020@15:25:15
449	12/11/2020@15:25:25
450	12/11/2020@15:25:35
451	12/11/2020@15:25:45
452	12/11/2020@15:25:55
453	12/11/2020@15:26:05
454	12/11/2020@15:26:15
455	12/11/2020@15:26:25
456	12/11/2020@15:26:35
457	12/11/2020@15:26:45
458	12/11/2020@15:26:48
459	12/11/2020@15:27:03
460	12/11/2020@15:28:09
461	12/11/2020@15:28:21
462	12/11/2020@15:28:33
463	12/11/2020@15:28:45
464	12/11/2020@15:29:05
465	12/11/2020@15:29:21
466	12/11/2020@15:29:46
467	12/11/2020@15:30:42
468	12/11/2020@15:31:03
469	12/11/2020@15:31:15
470	12/11/2020@15:31:24
471	12/11/2020@15:31:24
472	12/11/2020@15:31:41
473	12/11/2020@15:32:24
474	12/11/2020@15:32:46
475	12/11/2020@15:32:51
476	12/11/2020@15:33:03
477	12/11/2020@15:33:12
478	12/11/2020@15:34:00
479	12/11/2020@15:34:57
480	12/11/2020@15:35:10
481	12/11/2020@15:35:40
482	12/11/2020@15:35:54
483	12/11/2020@15:36:04
484	12/11/2020@15:36:05
485	12/11/2020@15:36:12
486	12/11/2020@15:36:25
487	12/11/2020@15:37:17
488	12/11/2020@15:37:20
489	12/11/2020@15:38:01
490	12/11/2020@15:39:10
491	12/11/2020@15:39:38
492	12/11/2020@15:39:51
493	12/11/2020@15:40:04
494	12/11/2020@15:40:15
495	12/11/2020@15:40:24
496	12/11/2020@15:41:00
497	12/11/2020@15:41:09
498	12/11/2020@15:41:16
499	12/11/2020@15:43:24
500	12/11/2020@15:58:44
501	12/11/2020@16:20:05
502	12/11/2020@16:20:18
503	12/11/2020@16:20:21
504	12/11/2020@16:20:25
505	12/11/2020@16:20:39
506	12/11/2020@16:23:33
507	12/11/2020@16:23:37
508	12/11/2020@16:42:29
509	12/11/2020@17:34:12
510	12/11/2020@17:34:20
511	12/11/2020@17:35:12
512	12/11/2020@18:11:35
513	12/11/2020@18:21:42
514	12/11/2020@18:21:47
515	12/11/2020@18:21:57
516	12/11/2020@18:22:06
517	12/11/2020@18:22:22
518	12/11/2020@18:22:31
519	12/11/2020@18:23:27
520	12/11/2020@18:23:48
521	12/11/2020@18:24:02
522	12/11/2020@18:24:08
523	12/11/2020@18:24:11
524	12/11/2020@18:24:14
525	12/11/2020@18:24:41
526	12/11/2020@18:40:32
527	12/11/2020@18:40:37
